<?xml version="1.0" encoding="UTF-8"?>
<!-- Generated by org.testng.reporters.JUnitReportReporter -->
<testsuite hostname="Lenin" failures="0" tests="1" name="vk.vkTest" time="23.897" errors="0" timestamp="2020-06-09T13:34:22 MSK" skipped="0">
  <testcase classname="vk.vkTest" name="emailLoginTest" time="23.897"/>
  <system-out/>
</testsuite> <!-- vk.vkTest -->
