<?xml version="1.0" encoding="UTF-8"?>
<!-- Generated by org.testng.reporters.JUnitReportReporter -->
<testsuite hostname="Lenin" failures="0" tests="5" name="calculator.TestCalculator" time="0.009" errors="0" timestamp="2020-06-09T13:34:22 MSK" skipped="0">
  <testcase classname="calculator.TestCalculator" name="subtraction" time="0.001"/>
  <system-out/>
  <testcase classname="calculator.TestCalculator" name="multiplication" time="0.001"/>
  <system-out/>
  <testcase classname="calculator.TestCalculator" name="division" time="0.002"/>
  <system-out/>
  <testcase classname="calculator.TestCalculator" name="square" time="0.000"/>
  <system-out/>
  <testcase classname="calculator.TestCalculator" name="addition" time="0.005"/>
  <system-out/>
</testsuite> <!-- calculator.TestCalculator -->
